<?xml version="1.0" encoding="UTF-8"?>
<!-- Generated by org.testng.reporters.JUnitXMLReporter -->
<testsuite ignored="0" hostname="LAPTOP-IDUH3UK1" failures="0" tests="3" name="Command line test" time="8.312" errors="0" timestamp="19 May 2022 06:38:36 GMT">
  <testcase classname="com.assign.qa.testcases.CheckPricesTest" name="parentTest" time="0.008"/>
  <testcase classname="com.assign.qa.testcases.LoginTest" name="parentTest" time="0.0"/>
  <testcase classname="com.assign.qa.testcases.SearchFlightsTest" name="searchForAFlight" time="8.169"/>
</testsuite> <!-- Command line test -->
