<?xml version="1.0" encoding="UTF-8"?>
<testng-results ignored="0" total="3" passed="3" failed="0" skipped="0">
  <reporter-output>
  </reporter-output>
  <suite started-at="2022-05-19T06:38:27Z" name="Command line suite" finished-at="2022-05-19T06:38:36Z" duration-ms="8312">
    <groups>
    </groups>
    <test started-at="2022-05-19T06:38:27Z" name="Command line test" finished-at="2022-05-19T06:38:36Z" duration-ms="8312">
      <class name="com.assign.qa.testcases.CheckPricesTest">
        <test-method is-config="true" signature="initTest()[pri:0, instance:com.assign.qa.testcases.CheckPricesTest@548ad73b]" started-at="2022-05-19T06:38:27Z" name="initTest" finished-at="2022-05-19T06:38:27Z" duration-ms="70" status="PASS">
          <reporter-output>
          </reporter-output>
        </test-method> <!-- initTest -->
        <test-method signature="parentTest()[pri:0, instance:com.assign.qa.testcases.CheckPricesTest@548ad73b]" started-at="2022-05-19T06:38:27Z" name="parentTest" finished-at="2022-05-19T06:38:27Z" duration-ms="8" status="PASS">
          <reporter-output>
          </reporter-output>
        </test-method> <!-- parentTest -->
        <test-method is-config="true" signature="checkResult(org.testng.ITestResult)[pri:0, instance:com.assign.qa.testcases.CheckPricesTest@548ad73b]" started-at="2022-05-19T06:38:27Z" name="checkResult" finished-at="2022-05-19T06:38:27Z" duration-ms="16" status="PASS">
          <params>
            <param index="0">
              <value>
                <![CDATA[[TestResult name=parentTest status=SUCCESS method=CheckPricesTest.parentTest()[pri:0, instance:com.assign.qa.testcases.CheckPricesTest@548ad73b] output={null}]]]>
              </value>
            </param>
          </params>
          <reporter-output>
          </reporter-output>
        </test-method> <!-- checkResult -->
      </class> <!-- com.assign.qa.testcases.CheckPricesTest -->
      <class name="com.assign.qa.testcases.LoginTest">
        <test-method is-config="true" signature="initTest()[pri:0, instance:com.assign.qa.testcases.LoginTest@2641e737]" started-at="2022-05-19T06:38:27Z" name="initTest" finished-at="2022-05-19T06:38:27Z" duration-ms="0" status="PASS">
          <reporter-output>
          </reporter-output>
        </test-method> <!-- initTest -->
        <test-method is-config="true" signature="checkResult(org.testng.ITestResult)[pri:0, instance:com.assign.qa.testcases.LoginTest@2641e737]" started-at="2022-05-19T06:38:27Z" name="checkResult" finished-at="2022-05-19T06:38:28Z" duration-ms="8" status="PASS">
          <params>
            <param index="0">
              <value>
                <![CDATA[[TestResult name=parentTest status=SUCCESS method=LoginTest.parentTest()[pri:0, instance:com.assign.qa.testcases.LoginTest@2641e737] output={null}]]]>
              </value>
            </param>
          </params>
          <reporter-output>
          </reporter-output>
        </test-method> <!-- checkResult -->
        <test-method signature="parentTest()[pri:0, instance:com.assign.qa.testcases.LoginTest@2641e737]" started-at="2022-05-19T06:38:27Z" name="parentTest" finished-at="2022-05-19T06:38:27Z" duration-ms="0" status="PASS">
          <reporter-output>
          </reporter-output>
        </test-method> <!-- parentTest -->
      </class> <!-- com.assign.qa.testcases.LoginTest -->
      <class name="com.assign.qa.testcases.SearchFlightsTest">
        <test-method signature="searchForAFlight()[pri:0, instance:com.assign.qa.testcases.SearchFlightsTest@727803de]" started-at="2022-05-19T06:38:28Z" name="searchForAFlight" finished-at="2022-05-19T06:38:36Z" duration-ms="8169" status="PASS">
          <reporter-output>
          </reporter-output>
        </test-method> <!-- searchForAFlight -->
        <test-method is-config="true" signature="checkResult(org.testng.ITestResult)[pri:0, instance:com.assign.qa.testcases.SearchFlightsTest@727803de]" started-at="2022-05-19T06:38:36Z" name="checkResult" finished-at="2022-05-19T06:38:36Z" duration-ms="0" status="PASS">
          <params>
            <param index="0">
              <value>
                <![CDATA[[TestResult name=searchForAFlight status=SUCCESS method=SearchFlightsTest.searchForAFlight()[pri:0, instance:com.assign.qa.testcases.SearchFlightsTest@727803de] output={null}]]]>
              </value>
            </param>
          </params>
          <reporter-output>
          </reporter-output>
        </test-method> <!-- checkResult -->
      </class> <!-- com.assign.qa.testcases.SearchFlightsTest -->
      <class name="com.assign.qa.testcases.TestSetup">
        <test-method is-config="true" signature="setUp()[pri:0, instance:com.assign.qa.testcases.TestSetup@77846d2c]" started-at="2022-05-19T06:38:20Z" name="setUp" finished-at="2022-05-19T06:38:27Z" duration-ms="7143" status="PASS">
          <reporter-output>
          </reporter-output>
        </test-method> <!-- setUp -->
        <test-method is-config="true" signature="tearDown()[pri:0, instance:com.assign.qa.testcases.TestSetup@77846d2c]" started-at="2022-05-19T06:38:36Z" name="tearDown" finished-at="2022-05-19T06:38:37Z" duration-ms="879" status="PASS">
          <reporter-output>
          </reporter-output>
        </test-method> <!-- tearDown -->
      </class> <!-- com.assign.qa.testcases.TestSetup -->
    </test> <!-- Command line test -->
  </suite> <!-- Command line suite -->
</testng-results>
